{
"/Users/tonirilix/sandbox/angular2/angular2-seed/dist/dev/app/+about/components/about.component.js":{"path":"/Users/tonirilix/sandbox/angular2/angular2-seed/dist/dev/app/+about/components/about.component.js","s":{"1":1,"2":1,"3":1,"4":1,"5":0,"6":0,"7":0,"8":1,"9":1,"10":1,"11":1,"12":1,"13":1,"14":1,"15":1,"16":1,"17":1},"b":{"1":[1,1,1],"2":[1,0],"3":[0,0],"4":[1,0],"5":[1,1],"6":[0,0],"7":[0,0],"8":[0,0],"9":[0,0],"10":[1,0,0],"11":[1,1,1],"12":[1,0],"13":[1,1]},"f":{"1":1,"2":1,"3":1,"4":1},"fnMap":{"1":{"name":"(anonymous_1)","line":2,"loc":{"start":{"line":2,"column":46},"end":{"line":2,"column":87}}},"2":{"name":"(anonymous_2)","line":8,"loc":{"start":{"line":8,"column":46},"end":{"line":8,"column":62}}},"3":{"name":"(anonymous_3)","line":12,"loc":{"start":{"line":12,"column":22},"end":{"line":12,"column":34}}},"4":{"name":"AboutComponent","line":13,"loc":{"start":{"line":13,"column":4},"end":{"line":13,"column":30}}}},"statementMap":{"1":{"start":{"line":2,"column":0},"end":{"line":7,"column":2}},"2":{"start":{"line":3,"column":4},"end":{"line":3,"column":129}},"3":{"start":{"line":4,"column":4},"end":{"line":5,"column":150}},"4":{"start":{"line":4,"column":79},"end":{"line":4,"column":131}},"5":{"start":{"line":5,"column":9},"end":{"line":5,"column":150}},"6":{"start":{"line":5,"column":58},"end":{"line":5,"column":150}},"7":{"start":{"line":5,"column":81},"end":{"line":5,"column":150}},"8":{"start":{"line":6,"column":4},"end":{"line":6,"column":66}},"9":{"start":{"line":8,"column":0},"end":{"line":10,"column":2}},"10":{"start":{"line":9,"column":4},"end":{"line":9,"column":109}},"11":{"start":{"line":9,"column":79},"end":{"line":9,"column":109}},"12":{"start":{"line":11,"column":0},"end":{"line":11,"column":38}},"13":{"start":{"line":12,"column":0},"end":{"line":24,"column":5}},"14":{"start":{"line":13,"column":4},"end":{"line":14,"column":5}},"15":{"start":{"line":15,"column":4},"end":{"line":22,"column":23}},"16":{"start":{"line":23,"column":4},"end":{"line":23,"column":26}},"17":{"start":{"line":25,"column":0},"end":{"line":25,"column":40}}},"branchMap":{"1":{"line":2,"type":"binary-expr","locations":[{"start":{"line":2,"column":18},"end":{"line":2,"column":22}},{"start":{"line":2,"column":26},"end":{"line":2,"column":41}},{"start":{"line":2,"column":46},"end":{"line":7,"column":1}}]},"2":{"line":3,"type":"cond-expr","locations":[{"start":{"line":3,"column":42},"end":{"line":3,"column":48}},{"start":{"line":3,"column":51},"end":{"line":3,"column":125}}]},"3":{"line":3,"type":"cond-expr","locations":[{"start":{"line":3,"column":67},"end":{"line":3,"column":118}},{"start":{"line":3,"column":121},"end":{"line":3,"column":125}}]},"4":{"line":4,"type":"if","locations":[{"start":{"line":4,"column":4},"end":{"line":4,"column":4}},{"start":{"line":4,"column":4},"end":{"line":4,"column":4}}]},"5":{"line":4,"type":"binary-expr","locations":[{"start":{"line":4,"column":8},"end":{"line":4,"column":35}},{"start":{"line":4,"column":39},"end":{"line":4,"column":77}}]},"6":{"line":5,"type":"if","locations":[{"start":{"line":5,"column":58},"end":{"line":5,"column":58}},{"start":{"line":5,"column":58},"end":{"line":5,"column":58}}]},"7":{"line":5,"type":"binary-expr","locations":[{"start":{"line":5,"column":86},"end":{"line":5,"column":143}},{"start":{"line":5,"column":148},"end":{"line":5,"column":149}}]},"8":{"line":5,"type":"cond-expr","locations":[{"start":{"line":5,"column":94},"end":{"line":5,"column":98}},{"start":{"line":5,"column":101},"end":{"line":5,"column":143}}]},"9":{"line":5,"type":"cond-expr","locations":[{"start":{"line":5,"column":109},"end":{"line":5,"column":126}},{"start":{"line":5,"column":129},"end":{"line":5,"column":143}}]},"10":{"line":6,"type":"binary-expr","locations":[{"start":{"line":6,"column":11},"end":{"line":6,"column":16}},{"start":{"line":6,"column":20},"end":{"line":6,"column":21}},{"start":{"line":6,"column":25},"end":{"line":6,"column":62}}]},"11":{"line":8,"type":"binary-expr","locations":[{"start":{"line":8,"column":18},"end":{"line":8,"column":22}},{"start":{"line":8,"column":26},"end":{"line":8,"column":41}},{"start":{"line":8,"column":46},"end":{"line":10,"column":1}}]},"12":{"line":9,"type":"if","locations":[{"start":{"line":9,"column":4},"end":{"line":9,"column":4}},{"start":{"line":9,"column":4},"end":{"line":9,"column":4}}]},"13":{"line":9,"type":"binary-expr","locations":[{"start":{"line":9,"column":8},"end":{"line":9,"column":35}},{"start":{"line":9,"column":39},"end":{"line":9,"column":77}}]}},"l":{"2":1,"3":1,"4":1,"5":0,"6":1,"8":1,"9":1,"11":1,"12":1,"13":1,"15":1,"23":1,"25":1}},
"/Users/tonirilix/sandbox/angular2/angular2-seed/dist/dev/app/+alucin/components/alucin.component.js":{"path":"/Users/tonirilix/sandbox/angular2/angular2-seed/dist/dev/app/+alucin/components/alucin.component.js","s":{"1":1,"2":1,"3":1,"4":1,"5":0,"6":0,"7":0,"8":1,"9":1,"10":1,"11":1,"12":1,"13":1,"14":1,"15":1,"16":1,"17":1},"b":{"1":[1,1,1],"2":[1,0],"3":[0,0],"4":[1,0],"5":[1,1],"6":[0,0],"7":[0,0],"8":[0,0],"9":[0,0],"10":[1,0,0],"11":[1,1,1],"12":[1,0],"13":[1,1]},"f":{"1":1,"2":1,"3":1,"4":1},"fnMap":{"1":{"name":"(anonymous_1)","line":2,"loc":{"start":{"line":2,"column":46},"end":{"line":2,"column":87}}},"2":{"name":"(anonymous_2)","line":8,"loc":{"start":{"line":8,"column":46},"end":{"line":8,"column":62}}},"3":{"name":"(anonymous_3)","line":12,"loc":{"start":{"line":12,"column":23},"end":{"line":12,"column":35}}},"4":{"name":"AlucinComponent","line":13,"loc":{"start":{"line":13,"column":4},"end":{"line":13,"column":31}}}},"statementMap":{"1":{"start":{"line":2,"column":0},"end":{"line":7,"column":2}},"2":{"start":{"line":3,"column":4},"end":{"line":3,"column":129}},"3":{"start":{"line":4,"column":4},"end":{"line":5,"column":150}},"4":{"start":{"line":4,"column":79},"end":{"line":4,"column":131}},"5":{"start":{"line":5,"column":9},"end":{"line":5,"column":150}},"6":{"start":{"line":5,"column":58},"end":{"line":5,"column":150}},"7":{"start":{"line":5,"column":81},"end":{"line":5,"column":150}},"8":{"start":{"line":6,"column":4},"end":{"line":6,"column":66}},"9":{"start":{"line":8,"column":0},"end":{"line":10,"column":2}},"10":{"start":{"line":9,"column":4},"end":{"line":9,"column":109}},"11":{"start":{"line":9,"column":79},"end":{"line":9,"column":109}},"12":{"start":{"line":11,"column":0},"end":{"line":11,"column":38}},"13":{"start":{"line":12,"column":0},"end":{"line":24,"column":5}},"14":{"start":{"line":13,"column":4},"end":{"line":14,"column":5}},"15":{"start":{"line":15,"column":4},"end":{"line":22,"column":24}},"16":{"start":{"line":23,"column":4},"end":{"line":23,"column":27}},"17":{"start":{"line":25,"column":0},"end":{"line":25,"column":42}}},"branchMap":{"1":{"line":2,"type":"binary-expr","locations":[{"start":{"line":2,"column":18},"end":{"line":2,"column":22}},{"start":{"line":2,"column":26},"end":{"line":2,"column":41}},{"start":{"line":2,"column":46},"end":{"line":7,"column":1}}]},"2":{"line":3,"type":"cond-expr","locations":[{"start":{"line":3,"column":42},"end":{"line":3,"column":48}},{"start":{"line":3,"column":51},"end":{"line":3,"column":125}}]},"3":{"line":3,"type":"cond-expr","locations":[{"start":{"line":3,"column":67},"end":{"line":3,"column":118}},{"start":{"line":3,"column":121},"end":{"line":3,"column":125}}]},"4":{"line":4,"type":"if","locations":[{"start":{"line":4,"column":4},"end":{"line":4,"column":4}},{"start":{"line":4,"column":4},"end":{"line":4,"column":4}}]},"5":{"line":4,"type":"binary-expr","locations":[{"start":{"line":4,"column":8},"end":{"line":4,"column":35}},{"start":{"line":4,"column":39},"end":{"line":4,"column":77}}]},"6":{"line":5,"type":"if","locations":[{"start":{"line":5,"column":58},"end":{"line":5,"column":58}},{"start":{"line":5,"column":58},"end":{"line":5,"column":58}}]},"7":{"line":5,"type":"binary-expr","locations":[{"start":{"line":5,"column":86},"end":{"line":5,"column":143}},{"start":{"line":5,"column":148},"end":{"line":5,"column":149}}]},"8":{"line":5,"type":"cond-expr","locations":[{"start":{"line":5,"column":94},"end":{"line":5,"column":98}},{"start":{"line":5,"column":101},"end":{"line":5,"column":143}}]},"9":{"line":5,"type":"cond-expr","locations":[{"start":{"line":5,"column":109},"end":{"line":5,"column":126}},{"start":{"line":5,"column":129},"end":{"line":5,"column":143}}]},"10":{"line":6,"type":"binary-expr","locations":[{"start":{"line":6,"column":11},"end":{"line":6,"column":16}},{"start":{"line":6,"column":20},"end":{"line":6,"column":21}},{"start":{"line":6,"column":25},"end":{"line":6,"column":62}}]},"11":{"line":8,"type":"binary-expr","locations":[{"start":{"line":8,"column":18},"end":{"line":8,"column":22}},{"start":{"line":8,"column":26},"end":{"line":8,"column":41}},{"start":{"line":8,"column":46},"end":{"line":10,"column":1}}]},"12":{"line":9,"type":"if","locations":[{"start":{"line":9,"column":4},"end":{"line":9,"column":4}},{"start":{"line":9,"column":4},"end":{"line":9,"column":4}}]},"13":{"line":9,"type":"binary-expr","locations":[{"start":{"line":9,"column":8},"end":{"line":9,"column":35}},{"start":{"line":9,"column":39},"end":{"line":9,"column":77}}]}},"l":{"2":1,"3":1,"4":1,"5":0,"6":1,"8":1,"9":1,"11":1,"12":1,"13":1,"15":1,"23":1,"25":1}},
"/Users/tonirilix/sandbox/angular2/angular2-seed/dist/dev/app/shared/services/name-list.service.js":{"path":"/Users/tonirilix/sandbox/angular2/angular2-seed/dist/dev/app/shared/services/name-list.service.js","s":{"1":1,"2":1,"3":3,"4":1,"5":5,"6":1,"7":1,"8":1,"9":1},"b":{},"f":{"1":1,"2":3,"3":5,"4":1},"fnMap":{"1":{"name":"(anonymous_1)","line":2,"loc":{"start":{"line":2,"column":23},"end":{"line":2,"column":35}}},"2":{"name":"NameListService","line":3,"loc":{"start":{"line":3,"column":4},"end":{"line":3,"column":31}}},"3":{"name":"(anonymous_3)","line":11,"loc":{"start":{"line":11,"column":36},"end":{"line":11,"column":48}}},"4":{"name":"(anonymous_4)","line":14,"loc":{"start":{"line":14,"column":36},"end":{"line":14,"column":53}}}},"statementMap":{"1":{"start":{"line":2,"column":0},"end":{"line":18,"column":5}},"2":{"start":{"line":3,"column":4},"end":{"line":10,"column":5}},"3":{"start":{"line":4,"column":8},"end":{"line":9,"column":10}},"4":{"start":{"line":11,"column":4},"end":{"line":13,"column":6}},"5":{"start":{"line":12,"column":8},"end":{"line":12,"column":26}},"6":{"start":{"line":14,"column":4},"end":{"line":16,"column":6}},"7":{"start":{"line":15,"column":8},"end":{"line":15,"column":31}},"8":{"start":{"line":17,"column":4},"end":{"line":17,"column":27}},"9":{"start":{"line":19,"column":0},"end":{"line":19,"column":42}}},"branchMap":{},"l":{"2":1,"3":1,"4":3,"11":1,"12":5,"14":1,"15":1,"17":1,"19":1}},
"/Users/tonirilix/sandbox/angular2/angular2-seed/dist/dev/app/+home/components/home.component.js":{"path":"/Users/tonirilix/sandbox/angular2/angular2-seed/dist/dev/app/+home/components/home.component.js","s":{"1":1,"2":1,"3":1,"4":1,"5":0,"6":0,"7":0,"8":1,"9":1,"10":1,"11":1,"12":1,"13":1,"14":1,"15":1,"16":1,"17":2,"18":1,"19":1,"20":1,"21":1,"22":1,"23":1,"24":1},"b":{"1":[1,1,1],"2":[1,0],"3":[0,0],"4":[1,0],"5":[1,1],"6":[0,0],"7":[0,0],"8":[0,0],"9":[0,0],"10":[1,0,0],"11":[1,1,1],"12":[1,0],"13":[1,1]},"f":{"1":1,"2":1,"3":1,"4":2,"5":1},"fnMap":{"1":{"name":"(anonymous_1)","line":2,"loc":{"start":{"line":2,"column":46},"end":{"line":2,"column":87}}},"2":{"name":"(anonymous_2)","line":8,"loc":{"start":{"line":8,"column":46},"end":{"line":8,"column":62}}},"3":{"name":"(anonymous_3)","line":14,"loc":{"start":{"line":14,"column":21},"end":{"line":14,"column":33}}},"4":{"name":"HomeComponent","line":15,"loc":{"start":{"line":15,"column":4},"end":{"line":15,"column":44}}},"5":{"name":"(anonymous_5)","line":18,"loc":{"start":{"line":18,"column":38},"end":{"line":18,"column":50}}}},"statementMap":{"1":{"start":{"line":2,"column":0},"end":{"line":7,"column":2}},"2":{"start":{"line":3,"column":4},"end":{"line":3,"column":129}},"3":{"start":{"line":4,"column":4},"end":{"line":5,"column":150}},"4":{"start":{"line":4,"column":79},"end":{"line":4,"column":131}},"5":{"start":{"line":5,"column":9},"end":{"line":5,"column":150}},"6":{"start":{"line":5,"column":58},"end":{"line":5,"column":150}},"7":{"start":{"line":5,"column":81},"end":{"line":5,"column":150}},"8":{"start":{"line":6,"column":4},"end":{"line":6,"column":66}},"9":{"start":{"line":8,"column":0},"end":{"line":10,"column":2}},"10":{"start":{"line":9,"column":4},"end":{"line":9,"column":109}},"11":{"start":{"line":9,"column":79},"end":{"line":9,"column":109}},"12":{"start":{"line":11,"column":0},"end":{"line":11,"column":38}},"13":{"start":{"line":12,"column":0},"end":{"line":12,"column":42}},"14":{"start":{"line":13,"column":0},"end":{"line":13,"column":44}},"15":{"start":{"line":14,"column":0},"end":{"line":33,"column":5}},"16":{"start":{"line":15,"column":4},"end":{"line":17,"column":5}},"17":{"start":{"line":16,"column":8},"end":{"line":16,"column":47}},"18":{"start":{"line":18,"column":4},"end":{"line":22,"column":6}},"19":{"start":{"line":19,"column":8},"end":{"line":19,"column":47}},"20":{"start":{"line":20,"column":8},"end":{"line":20,"column":26}},"21":{"start":{"line":21,"column":8},"end":{"line":21,"column":21}},"22":{"start":{"line":23,"column":4},"end":{"line":31,"column":22}},"23":{"start":{"line":32,"column":4},"end":{"line":32,"column":25}},"24":{"start":{"line":34,"column":0},"end":{"line":34,"column":38}}},"branchMap":{"1":{"line":2,"type":"binary-expr","locations":[{"start":{"line":2,"column":18},"end":{"line":2,"column":22}},{"start":{"line":2,"column":26},"end":{"line":2,"column":41}},{"start":{"line":2,"column":46},"end":{"line":7,"column":1}}]},"2":{"line":3,"type":"cond-expr","locations":[{"start":{"line":3,"column":42},"end":{"line":3,"column":48}},{"start":{"line":3,"column":51},"end":{"line":3,"column":125}}]},"3":{"line":3,"type":"cond-expr","locations":[{"start":{"line":3,"column":67},"end":{"line":3,"column":118}},{"start":{"line":3,"column":121},"end":{"line":3,"column":125}}]},"4":{"line":4,"type":"if","locations":[{"start":{"line":4,"column":4},"end":{"line":4,"column":4}},{"start":{"line":4,"column":4},"end":{"line":4,"column":4}}]},"5":{"line":4,"type":"binary-expr","locations":[{"start":{"line":4,"column":8},"end":{"line":4,"column":35}},{"start":{"line":4,"column":39},"end":{"line":4,"column":77}}]},"6":{"line":5,"type":"if","locations":[{"start":{"line":5,"column":58},"end":{"line":5,"column":58}},{"start":{"line":5,"column":58},"end":{"line":5,"column":58}}]},"7":{"line":5,"type":"binary-expr","locations":[{"start":{"line":5,"column":86},"end":{"line":5,"column":143}},{"start":{"line":5,"column":148},"end":{"line":5,"column":149}}]},"8":{"line":5,"type":"cond-expr","locations":[{"start":{"line":5,"column":94},"end":{"line":5,"column":98}},{"start":{"line":5,"column":101},"end":{"line":5,"column":143}}]},"9":{"line":5,"type":"cond-expr","locations":[{"start":{"line":5,"column":109},"end":{"line":5,"column":126}},{"start":{"line":5,"column":129},"end":{"line":5,"column":143}}]},"10":{"line":6,"type":"binary-expr","locations":[{"start":{"line":6,"column":11},"end":{"line":6,"column":16}},{"start":{"line":6,"column":20},"end":{"line":6,"column":21}},{"start":{"line":6,"column":25},"end":{"line":6,"column":62}}]},"11":{"line":8,"type":"binary-expr","locations":[{"start":{"line":8,"column":18},"end":{"line":8,"column":22}},{"start":{"line":8,"column":26},"end":{"line":8,"column":41}},{"start":{"line":8,"column":46},"end":{"line":10,"column":1}}]},"12":{"line":9,"type":"if","locations":[{"start":{"line":9,"column":4},"end":{"line":9,"column":4}},{"start":{"line":9,"column":4},"end":{"line":9,"column":4}}]},"13":{"line":9,"type":"binary-expr","locations":[{"start":{"line":9,"column":8},"end":{"line":9,"column":35}},{"start":{"line":9,"column":39},"end":{"line":9,"column":77}}]}},"l":{"2":1,"3":1,"4":1,"5":0,"6":1,"8":1,"9":1,"11":1,"12":1,"13":1,"14":1,"15":1,"16":2,"18":1,"19":1,"20":1,"21":1,"23":1,"32":1,"34":1}},
"/Users/tonirilix/sandbox/angular2/angular2-seed/dist/dev/app/shared/index.js":{"path":"/Users/tonirilix/sandbox/angular2/angular2-seed/dist/dev/app/shared/index.js","s":{"1":1,"2":1,"3":1,"4":1,"5":1},"b":{"1":[1,0]},"f":{"1":1},"fnMap":{"1":{"name":"__export","line":2,"loc":{"start":{"line":2,"column":0},"end":{"line":2,"column":21}}}},"statementMap":{"1":{"start":{"line":2,"column":0},"end":{"line":4,"column":1}},"2":{"start":{"line":3,"column":4},"end":{"line":3,"column":71}},"3":{"start":{"line":3,"column":21},"end":{"line":3,"column":71}},"4":{"start":{"line":3,"column":53},"end":{"line":3,"column":71}},"5":{"start":{"line":5,"column":0},"end":{"line":5,"column":50}}},"branchMap":{"1":{"line":3,"type":"if","locations":[{"start":{"line":3,"column":21},"end":{"line":3,"column":21}},{"start":{"line":3,"column":21},"end":{"line":3,"column":21}}]}},"l":{"2":1,"3":1,"5":1}},
"/Users/tonirilix/sandbox/angular2/angular2-seed/dist/dev/app/components/app.component.js":{"path":"/Users/tonirilix/sandbox/angular2/angular2-seed/dist/dev/app/components/app.component.js","s":{"1":1,"2":1,"3":1,"4":1,"5":0,"6":0,"7":0,"8":1,"9":1,"10":1,"11":1,"12":1,"13":1,"14":1,"15":1,"16":1,"17":1,"18":1,"19":1,"20":1,"21":1,"22":1,"23":1,"24":1},"b":{"1":[1,1,1],"2":[1,0],"3":[0,0],"4":[1,0],"5":[1,1],"6":[0,0],"7":[0,0],"8":[0,0],"9":[0,0],"10":[1,0,0],"11":[1,1,1],"12":[1,0],"13":[1,1]},"f":{"1":1,"2":1,"3":1,"4":1},"fnMap":{"1":{"name":"(anonymous_1)","line":2,"loc":{"start":{"line":2,"column":46},"end":{"line":2,"column":87}}},"2":{"name":"(anonymous_2)","line":8,"loc":{"start":{"line":8,"column":46},"end":{"line":8,"column":62}}},"3":{"name":"(anonymous_3)","line":19,"loc":{"start":{"line":19,"column":20},"end":{"line":19,"column":32}}},"4":{"name":"AppComponent","line":20,"loc":{"start":{"line":20,"column":4},"end":{"line":20,"column":28}}}},"statementMap":{"1":{"start":{"line":2,"column":0},"end":{"line":7,"column":2}},"2":{"start":{"line":3,"column":4},"end":{"line":3,"column":129}},"3":{"start":{"line":4,"column":4},"end":{"line":5,"column":150}},"4":{"start":{"line":4,"column":79},"end":{"line":4,"column":131}},"5":{"start":{"line":5,"column":9},"end":{"line":5,"column":150}},"6":{"start":{"line":5,"column":58},"end":{"line":5,"column":150}},"7":{"start":{"line":5,"column":81},"end":{"line":5,"column":150}},"8":{"start":{"line":6,"column":4},"end":{"line":6,"column":66}},"9":{"start":{"line":8,"column":0},"end":{"line":10,"column":2}},"10":{"start":{"line":9,"column":4},"end":{"line":9,"column":109}},"11":{"start":{"line":9,"column":79},"end":{"line":9,"column":109}},"12":{"start":{"line":11,"column":0},"end":{"line":11,"column":38}},"13":{"start":{"line":12,"column":0},"end":{"line":12,"column":42}},"14":{"start":{"line":13,"column":0},"end":{"line":13,"column":55}},"15":{"start":{"line":14,"column":0},"end":{"line":14,"column":57}},"16":{"start":{"line":15,"column":0},"end":{"line":15,"column":41}},"17":{"start":{"line":16,"column":0},"end":{"line":16,"column":40}},"18":{"start":{"line":17,"column":0},"end":{"line":17,"column":41}},"19":{"start":{"line":18,"column":0},"end":{"line":18,"column":42}},"20":{"start":{"line":19,"column":0},"end":{"line":49,"column":5}},"21":{"start":{"line":20,"column":4},"end":{"line":21,"column":5}},"22":{"start":{"line":22,"column":4},"end":{"line":47,"column":21}},"23":{"start":{"line":48,"column":4},"end":{"line":48,"column":24}},"24":{"start":{"line":50,"column":0},"end":{"line":50,"column":36}}},"branchMap":{"1":{"line":2,"type":"binary-expr","locations":[{"start":{"line":2,"column":18},"end":{"line":2,"column":22}},{"start":{"line":2,"column":26},"end":{"line":2,"column":41}},{"start":{"line":2,"column":46},"end":{"line":7,"column":1}}]},"2":{"line":3,"type":"cond-expr","locations":[{"start":{"line":3,"column":42},"end":{"line":3,"column":48}},{"start":{"line":3,"column":51},"end":{"line":3,"column":125}}]},"3":{"line":3,"type":"cond-expr","locations":[{"start":{"line":3,"column":67},"end":{"line":3,"column":118}},{"start":{"line":3,"column":121},"end":{"line":3,"column":125}}]},"4":{"line":4,"type":"if","locations":[{"start":{"line":4,"column":4},"end":{"line":4,"column":4}},{"start":{"line":4,"column":4},"end":{"line":4,"column":4}}]},"5":{"line":4,"type":"binary-expr","locations":[{"start":{"line":4,"column":8},"end":{"line":4,"column":35}},{"start":{"line":4,"column":39},"end":{"line":4,"column":77}}]},"6":{"line":5,"type":"if","locations":[{"start":{"line":5,"column":58},"end":{"line":5,"column":58}},{"start":{"line":5,"column":58},"end":{"line":5,"column":58}}]},"7":{"line":5,"type":"binary-expr","locations":[{"start":{"line":5,"column":86},"end":{"line":5,"column":143}},{"start":{"line":5,"column":148},"end":{"line":5,"column":149}}]},"8":{"line":5,"type":"cond-expr","locations":[{"start":{"line":5,"column":94},"end":{"line":5,"column":98}},{"start":{"line":5,"column":101},"end":{"line":5,"column":143}}]},"9":{"line":5,"type":"cond-expr","locations":[{"start":{"line":5,"column":109},"end":{"line":5,"column":126}},{"start":{"line":5,"column":129},"end":{"line":5,"column":143}}]},"10":{"line":6,"type":"binary-expr","locations":[{"start":{"line":6,"column":11},"end":{"line":6,"column":16}},{"start":{"line":6,"column":20},"end":{"line":6,"column":21}},{"start":{"line":6,"column":25},"end":{"line":6,"column":62}}]},"11":{"line":8,"type":"binary-expr","locations":[{"start":{"line":8,"column":18},"end":{"line":8,"column":22}},{"start":{"line":8,"column":26},"end":{"line":8,"column":41}},{"start":{"line":8,"column":46},"end":{"line":10,"column":1}}]},"12":{"line":9,"type":"if","locations":[{"start":{"line":9,"column":4},"end":{"line":9,"column":4}},{"start":{"line":9,"column":4},"end":{"line":9,"column":4}}]},"13":{"line":9,"type":"binary-expr","locations":[{"start":{"line":9,"column":8},"end":{"line":9,"column":35}},{"start":{"line":9,"column":39},"end":{"line":9,"column":77}}]}},"l":{"2":1,"3":1,"4":1,"5":0,"6":1,"8":1,"9":1,"11":1,"12":1,"13":1,"14":1,"15":1,"16":1,"17":1,"18":1,"19":1,"20":1,"22":1,"48":1,"50":1}},
"/Users/tonirilix/sandbox/angular2/angular2-seed/dist/dev/app/components/navbar.component.js":{"path":"/Users/tonirilix/sandbox/angular2/angular2-seed/dist/dev/app/components/navbar.component.js","s":{"1":1,"2":1,"3":1,"4":1,"5":0,"6":0,"7":0,"8":1,"9":1,"10":1,"11":1,"12":1,"13":1,"14":1,"15":1,"16":1,"17":1,"18":1},"b":{"1":[1,1,1],"2":[1,0],"3":[0,0],"4":[1,0],"5":[1,1],"6":[0,0],"7":[0,0],"8":[0,0],"9":[0,0],"10":[1,0,0],"11":[1,1,1],"12":[1,0],"13":[1,1]},"f":{"1":1,"2":1,"3":1,"4":1},"fnMap":{"1":{"name":"(anonymous_1)","line":2,"loc":{"start":{"line":2,"column":46},"end":{"line":2,"column":87}}},"2":{"name":"(anonymous_2)","line":8,"loc":{"start":{"line":8,"column":46},"end":{"line":8,"column":62}}},"3":{"name":"(anonymous_3)","line":13,"loc":{"start":{"line":13,"column":23},"end":{"line":13,"column":35}}},"4":{"name":"NavbarComponent","line":14,"loc":{"start":{"line":14,"column":4},"end":{"line":14,"column":31}}}},"statementMap":{"1":{"start":{"line":2,"column":0},"end":{"line":7,"column":2}},"2":{"start":{"line":3,"column":4},"end":{"line":3,"column":129}},"3":{"start":{"line":4,"column":4},"end":{"line":5,"column":150}},"4":{"start":{"line":4,"column":79},"end":{"line":4,"column":131}},"5":{"start":{"line":5,"column":9},"end":{"line":5,"column":150}},"6":{"start":{"line":5,"column":58},"end":{"line":5,"column":150}},"7":{"start":{"line":5,"column":81},"end":{"line":5,"column":150}},"8":{"start":{"line":6,"column":4},"end":{"line":6,"column":66}},"9":{"start":{"line":8,"column":0},"end":{"line":10,"column":2}},"10":{"start":{"line":9,"column":4},"end":{"line":9,"column":109}},"11":{"start":{"line":9,"column":79},"end":{"line":9,"column":109}},"12":{"start":{"line":11,"column":0},"end":{"line":11,"column":38}},"13":{"start":{"line":12,"column":0},"end":{"line":12,"column":42}},"14":{"start":{"line":13,"column":0},"end":{"line":26,"column":5}},"15":{"start":{"line":14,"column":4},"end":{"line":15,"column":5}},"16":{"start":{"line":16,"column":4},"end":{"line":24,"column":24}},"17":{"start":{"line":25,"column":4},"end":{"line":25,"column":27}},"18":{"start":{"line":27,"column":0},"end":{"line":27,"column":42}}},"branchMap":{"1":{"line":2,"type":"binary-expr","locations":[{"start":{"line":2,"column":18},"end":{"line":2,"column":22}},{"start":{"line":2,"column":26},"end":{"line":2,"column":41}},{"start":{"line":2,"column":46},"end":{"line":7,"column":1}}]},"2":{"line":3,"type":"cond-expr","locations":[{"start":{"line":3,"column":42},"end":{"line":3,"column":48}},{"start":{"line":3,"column":51},"end":{"line":3,"column":125}}]},"3":{"line":3,"type":"cond-expr","locations":[{"start":{"line":3,"column":67},"end":{"line":3,"column":118}},{"start":{"line":3,"column":121},"end":{"line":3,"column":125}}]},"4":{"line":4,"type":"if","locations":[{"start":{"line":4,"column":4},"end":{"line":4,"column":4}},{"start":{"line":4,"column":4},"end":{"line":4,"column":4}}]},"5":{"line":4,"type":"binary-expr","locations":[{"start":{"line":4,"column":8},"end":{"line":4,"column":35}},{"start":{"line":4,"column":39},"end":{"line":4,"column":77}}]},"6":{"line":5,"type":"if","locations":[{"start":{"line":5,"column":58},"end":{"line":5,"column":58}},{"start":{"line":5,"column":58},"end":{"line":5,"column":58}}]},"7":{"line":5,"type":"binary-expr","locations":[{"start":{"line":5,"column":86},"end":{"line":5,"column":143}},{"start":{"line":5,"column":148},"end":{"line":5,"column":149}}]},"8":{"line":5,"type":"cond-expr","locations":[{"start":{"line":5,"column":94},"end":{"line":5,"column":98}},{"start":{"line":5,"column":101},"end":{"line":5,"column":143}}]},"9":{"line":5,"type":"cond-expr","locations":[{"start":{"line":5,"column":109},"end":{"line":5,"column":126}},{"start":{"line":5,"column":129},"end":{"line":5,"column":143}}]},"10":{"line":6,"type":"binary-expr","locations":[{"start":{"line":6,"column":11},"end":{"line":6,"column":16}},{"start":{"line":6,"column":20},"end":{"line":6,"column":21}},{"start":{"line":6,"column":25},"end":{"line":6,"column":62}}]},"11":{"line":8,"type":"binary-expr","locations":[{"start":{"line":8,"column":18},"end":{"line":8,"column":22}},{"start":{"line":8,"column":26},"end":{"line":8,"column":41}},{"start":{"line":8,"column":46},"end":{"line":10,"column":1}}]},"12":{"line":9,"type":"if","locations":[{"start":{"line":9,"column":4},"end":{"line":9,"column":4}},{"start":{"line":9,"column":4},"end":{"line":9,"column":4}}]},"13":{"line":9,"type":"binary-expr","locations":[{"start":{"line":9,"column":8},"end":{"line":9,"column":35}},{"start":{"line":9,"column":39},"end":{"line":9,"column":77}}]}},"l":{"2":1,"3":1,"4":1,"5":0,"6":1,"8":1,"9":1,"11":1,"12":1,"13":1,"14":1,"16":1,"25":1,"27":1}},
"/Users/tonirilix/sandbox/angular2/angular2-seed/dist/dev/app/components/toolbar.component.js":{"path":"/Users/tonirilix/sandbox/angular2/angular2-seed/dist/dev/app/components/toolbar.component.js","s":{"1":1,"2":1,"3":1,"4":1,"5":0,"6":0,"7":0,"8":1,"9":1,"10":1,"11":1,"12":1,"13":1,"14":1,"15":1,"16":1,"17":1},"b":{"1":[1,1,1],"2":[1,0],"3":[0,0],"4":[1,0],"5":[1,1],"6":[0,0],"7":[0,0],"8":[0,0],"9":[0,0],"10":[1,0,0],"11":[1,1,1],"12":[1,0],"13":[1,1]},"f":{"1":1,"2":1,"3":1,"4":1},"fnMap":{"1":{"name":"(anonymous_1)","line":2,"loc":{"start":{"line":2,"column":46},"end":{"line":2,"column":87}}},"2":{"name":"(anonymous_2)","line":8,"loc":{"start":{"line":8,"column":46},"end":{"line":8,"column":62}}},"3":{"name":"(anonymous_3)","line":12,"loc":{"start":{"line":12,"column":24},"end":{"line":12,"column":36}}},"4":{"name":"ToolbarComponent","line":13,"loc":{"start":{"line":13,"column":4},"end":{"line":13,"column":32}}}},"statementMap":{"1":{"start":{"line":2,"column":0},"end":{"line":7,"column":2}},"2":{"start":{"line":3,"column":4},"end":{"line":3,"column":129}},"3":{"start":{"line":4,"column":4},"end":{"line":5,"column":150}},"4":{"start":{"line":4,"column":79},"end":{"line":4,"column":131}},"5":{"start":{"line":5,"column":9},"end":{"line":5,"column":150}},"6":{"start":{"line":5,"column":58},"end":{"line":5,"column":150}},"7":{"start":{"line":5,"column":81},"end":{"line":5,"column":150}},"8":{"start":{"line":6,"column":4},"end":{"line":6,"column":66}},"9":{"start":{"line":8,"column":0},"end":{"line":10,"column":2}},"10":{"start":{"line":9,"column":4},"end":{"line":9,"column":109}},"11":{"start":{"line":9,"column":79},"end":{"line":9,"column":109}},"12":{"start":{"line":11,"column":0},"end":{"line":11,"column":38}},"13":{"start":{"line":12,"column":0},"end":{"line":24,"column":5}},"14":{"start":{"line":13,"column":4},"end":{"line":14,"column":5}},"15":{"start":{"line":15,"column":4},"end":{"line":22,"column":25}},"16":{"start":{"line":23,"column":4},"end":{"line":23,"column":28}},"17":{"start":{"line":25,"column":0},"end":{"line":25,"column":44}}},"branchMap":{"1":{"line":2,"type":"binary-expr","locations":[{"start":{"line":2,"column":18},"end":{"line":2,"column":22}},{"start":{"line":2,"column":26},"end":{"line":2,"column":41}},{"start":{"line":2,"column":46},"end":{"line":7,"column":1}}]},"2":{"line":3,"type":"cond-expr","locations":[{"start":{"line":3,"column":42},"end":{"line":3,"column":48}},{"start":{"line":3,"column":51},"end":{"line":3,"column":125}}]},"3":{"line":3,"type":"cond-expr","locations":[{"start":{"line":3,"column":67},"end":{"line":3,"column":118}},{"start":{"line":3,"column":121},"end":{"line":3,"column":125}}]},"4":{"line":4,"type":"if","locations":[{"start":{"line":4,"column":4},"end":{"line":4,"column":4}},{"start":{"line":4,"column":4},"end":{"line":4,"column":4}}]},"5":{"line":4,"type":"binary-expr","locations":[{"start":{"line":4,"column":8},"end":{"line":4,"column":35}},{"start":{"line":4,"column":39},"end":{"line":4,"column":77}}]},"6":{"line":5,"type":"if","locations":[{"start":{"line":5,"column":58},"end":{"line":5,"column":58}},{"start":{"line":5,"column":58},"end":{"line":5,"column":58}}]},"7":{"line":5,"type":"binary-expr","locations":[{"start":{"line":5,"column":86},"end":{"line":5,"column":143}},{"start":{"line":5,"column":148},"end":{"line":5,"column":149}}]},"8":{"line":5,"type":"cond-expr","locations":[{"start":{"line":5,"column":94},"end":{"line":5,"column":98}},{"start":{"line":5,"column":101},"end":{"line":5,"column":143}}]},"9":{"line":5,"type":"cond-expr","locations":[{"start":{"line":5,"column":109},"end":{"line":5,"column":126}},{"start":{"line":5,"column":129},"end":{"line":5,"column":143}}]},"10":{"line":6,"type":"binary-expr","locations":[{"start":{"line":6,"column":11},"end":{"line":6,"column":16}},{"start":{"line":6,"column":20},"end":{"line":6,"column":21}},{"start":{"line":6,"column":25},"end":{"line":6,"column":62}}]},"11":{"line":8,"type":"binary-expr","locations":[{"start":{"line":8,"column":18},"end":{"line":8,"column":22}},{"start":{"line":8,"column":26},"end":{"line":8,"column":41}},{"start":{"line":8,"column":46},"end":{"line":10,"column":1}}]},"12":{"line":9,"type":"if","locations":[{"start":{"line":9,"column":4},"end":{"line":9,"column":4}},{"start":{"line":9,"column":4},"end":{"line":9,"column":4}}]},"13":{"line":9,"type":"binary-expr","locations":[{"start":{"line":9,"column":8},"end":{"line":9,"column":35}},{"start":{"line":9,"column":39},"end":{"line":9,"column":77}}]}},"l":{"2":1,"3":1,"4":1,"5":0,"6":1,"8":1,"9":1,"11":1,"12":1,"13":1,"15":1,"23":1,"25":1}},
"/Users/tonirilix/sandbox/angular2/angular2-seed/dist/dev/app/+home/index.js":{"path":"/Users/tonirilix/sandbox/angular2/angular2-seed/dist/dev/app/+home/index.js","s":{"1":1,"2":1,"3":1,"4":1,"5":1},"b":{"1":[1,0]},"f":{"1":1},"fnMap":{"1":{"name":"__export","line":2,"loc":{"start":{"line":2,"column":0},"end":{"line":2,"column":21}}}},"statementMap":{"1":{"start":{"line":2,"column":0},"end":{"line":4,"column":1}},"2":{"start":{"line":3,"column":4},"end":{"line":3,"column":71}},"3":{"start":{"line":3,"column":21},"end":{"line":3,"column":71}},"4":{"start":{"line":3,"column":53},"end":{"line":3,"column":71}},"5":{"start":{"line":5,"column":0},"end":{"line":5,"column":49}}},"branchMap":{"1":{"line":3,"type":"if","locations":[{"start":{"line":3,"column":21},"end":{"line":3,"column":21}},{"start":{"line":3,"column":21},"end":{"line":3,"column":21}}]}},"l":{"2":1,"3":1,"5":1}},
"/Users/tonirilix/sandbox/angular2/angular2-seed/dist/dev/app/+about/index.js":{"path":"/Users/tonirilix/sandbox/angular2/angular2-seed/dist/dev/app/+about/index.js","s":{"1":1,"2":1,"3":1,"4":1,"5":1},"b":{"1":[1,0]},"f":{"1":1},"fnMap":{"1":{"name":"__export","line":2,"loc":{"start":{"line":2,"column":0},"end":{"line":2,"column":21}}}},"statementMap":{"1":{"start":{"line":2,"column":0},"end":{"line":4,"column":1}},"2":{"start":{"line":3,"column":4},"end":{"line":3,"column":71}},"3":{"start":{"line":3,"column":21},"end":{"line":3,"column":71}},"4":{"start":{"line":3,"column":53},"end":{"line":3,"column":71}},"5":{"start":{"line":5,"column":0},"end":{"line":5,"column":50}}},"branchMap":{"1":{"line":3,"type":"if","locations":[{"start":{"line":3,"column":21},"end":{"line":3,"column":21}},{"start":{"line":3,"column":21},"end":{"line":3,"column":21}}]}},"l":{"2":1,"3":1,"5":1}},
"/Users/tonirilix/sandbox/angular2/angular2-seed/dist/dev/app/+alucin/index.js":{"path":"/Users/tonirilix/sandbox/angular2/angular2-seed/dist/dev/app/+alucin/index.js","s":{"1":1,"2":1,"3":1,"4":1,"5":1},"b":{"1":[1,0]},"f":{"1":1},"fnMap":{"1":{"name":"__export","line":2,"loc":{"start":{"line":2,"column":0},"end":{"line":2,"column":21}}}},"statementMap":{"1":{"start":{"line":2,"column":0},"end":{"line":4,"column":1}},"2":{"start":{"line":3,"column":4},"end":{"line":3,"column":71}},"3":{"start":{"line":3,"column":21},"end":{"line":3,"column":71}},"4":{"start":{"line":3,"column":53},"end":{"line":3,"column":71}},"5":{"start":{"line":5,"column":0},"end":{"line":5,"column":51}}},"branchMap":{"1":{"line":3,"type":"if","locations":[{"start":{"line":3,"column":21},"end":{"line":3,"column":21}},{"start":{"line":3,"column":21},"end":{"line":3,"column":21}}]}},"l":{"2":1,"3":1,"5":1}}}
